\BOOKMARK [1][-]{section.1}{\376\377\122\051\165\050\000O\000L\000S\154\102\211\343\136\177\116\111\176\277\140\047\152\041\127\213\123\302\145\160}{}% 1
\BOOKMARK [2][-]{subsection.1.1}{\376\377\152\041\127\213\210\150\171\072}{section.1}% 2
\BOOKMARK [2][-]{subsection.1.2}{\376\377\152\041\127\213\213\241\173\227}{section.1}% 3
\BOOKMARK [1][-]{section.2}{\376\377\000p\000H\000d}{}% 4
\BOOKMARK [2][-]{subsection.2.1}{\376\377\123\237\164\006}{section.2}% 5
\BOOKMARK [2][-]{subsection.2.2}{\376\377\150\067\147\054\213\241\173\227\155\101\172\013}{section.2}% 6
\BOOKMARK [2][-]{subsection.2.3}{\376\377\136\246\221\317\116\044\172\172\225\364\225\364\166\204\215\335\171\273}{section.2}% 7
\BOOKMARK [2][-]{subsection.2.4}{\376\377\176\277\140\047\126\336\137\122}{section.2}% 8
\BOOKMARK [2][-]{subsection.2.5}{\376\377\154\312\147\176\126\336\137\122}{section.2}% 9
\BOOKMARK [2][-]{subsection.2.6}{\376\377\000L\000o\000g\000i\000s\000t\000i\000c\126\336\137\122}{section.2}% 10
\BOOKMARK [2][-]{subsection.2.7}{\376\377\165\037\142\020\000c\000o\000s\121\375\145\160\121\163\174\373}{section.2}% 11
\BOOKMARK [2][-]{subsection.2.8}{\376\377\140\073\176\323}{section.2}% 12
\BOOKMARK [1][-]{section.3}{\376\377\000S\000I\000R}{}% 13
\BOOKMARK [2][-]{subsection.3.1}{\376\377\164\006\213\272\117\235\143\156}{section.3}% 14
\BOOKMARK [2][-]{subsection.3.2}{\376\377\150\067\147\054\213\241\173\227\155\101\172\013}{section.3}% 15
\BOOKMARK [2][-]{subsection.3.3}{\376\377\170\156\133\232\117\060\213\241\124\016\226\115\176\364\176\364\136\246}{section.3}% 16
\BOOKMARK [2][-]{subsection.3.4}{\376\377\176\277\140\047\121\375\145\160\121\163\174\373}{section.3}% 17
\BOOKMARK [2][-]{subsection.3.5}{\376\377\165\037\142\020\000s\000i\000n\121\375\145\160\121\163\174\373}{section.3}% 18
\BOOKMARK [1][-]{section.4}{\376\377\000S\000A\000V\000E}{}% 19
\BOOKMARK [2][-]{subsection.4.1}{\376\377\164\006\213\272\117\235\143\156}{section.4}% 20
\BOOKMARK [2][-]{subsection.4.2}{\376\377\150\067\147\054\213\241\173\227\155\101\172\013}{section.4}% 21
\BOOKMARK [2][-]{subsection.4.3}{\376\377\176\277\140\047\126\336\137\122\152\041\127\213}{section.4}% 22
\BOOKMARK [2][-]{subsection.4.4}{\376\377\000c\000o\000s\121\375\145\160\116\016\000s\000i\000n\121\375\145\160\165\037\142\020\166\204\145\160\143\156\166\204\226\115\176\364\213\241\173\227}{section.4}% 23
\BOOKMARK [2][-]{subsection.4.5}{\376\377\140\073\176\323}{section.4}% 24
