\BOOKMARK [1][-]{section.1}{\376\377\000S\000I\000R}{}% 1
\BOOKMARK [2][-]{subsection.1.1}{\376\377\164\006\213\272\117\235\143\156}{section.1}% 2
\BOOKMARK [2][-]{subsection.1.2}{\376\377\150\067\147\054\213\241\173\227\155\101\172\013}{section.1}% 3
\BOOKMARK [2][-]{subsection.1.3}{\376\377\170\156\133\232\117\060\213\241\124\016\226\115\176\364\176\364\136\246}{section.1}% 4
\BOOKMARK [2][-]{subsection.1.4}{\376\377\176\277\140\047\121\375\145\160\121\163\174\373}{section.1}% 5
\BOOKMARK [2][-]{subsection.1.5}{\376\377\165\037\142\020\000s\000i\000n\121\375\145\160\121\163\174\373}{section.1}% 6
\BOOKMARK [1][-]{section.2}{\376\377\000S\000A\000V\000E}{}% 7
\BOOKMARK [2][-]{subsection.2.1}{\376\377\164\006\213\272\117\235\143\156}{section.2}% 8
\BOOKMARK [2][-]{subsection.2.2}{\376\377\150\067\147\054\213\241\173\227\155\101\172\013}{section.2}% 9
\BOOKMARK [2][-]{subsection.2.3}{\376\377\176\277\140\047\126\336\137\122\152\041\127\213}{section.2}% 10
\BOOKMARK [2][-]{subsection.2.4}{\376\377\154\312\147\176\126\336\137\122\152\041\127\213}{section.2}% 11
\BOOKMARK [2][-]{subsection.2.5}{\376\377\000l\000o\000g\000i\000s\000t\000i\000c\126\336\137\122}{section.2}% 12
\BOOKMARK [2][-]{subsection.2.6}{\376\377\000c\000o\000s\121\375\145\160\116\016\000s\000i\000n\121\375\145\160\165\037\142\020\166\204\145\160\143\156\166\204\226\115\176\364\213\241\173\227}{section.2}% 13
\BOOKMARK [2][-]{subsection.2.7}{\376\377\140\073\176\323}{section.2}% 14
\BOOKMARK [1][-]{section.3}{\376\377\000I\000H\000T}{}% 15
\BOOKMARK [2][-]{subsection.3.1}{\376\377\164\006\213\272\117\235\143\156}{section.3}% 16
\BOOKMARK [2][-]{subsection.3.2}{\376\377\173\227\154\325\155\101\172\013}{section.3}% 17
\BOOKMARK [2][-]{subsection.3.3}{\376\377\176\277\140\047\126\336\137\122\152\041\127\213}{section.3}% 18
\BOOKMARK [2][-]{subsection.3.4}{\376\377\133\371\145\160\117\074\161\066\126\336\137\122}{section.3}% 19
\BOOKMARK [2][-]{subsection.3.5}{\376\377\000c\000o\000s\116\016\000s\000i\000n\121\375\145\160\121\163\174\373}{section.3}% 20
\BOOKMARK [2][-]{subsection.3.6}{\376\377\116\011\211\322\121\375\145\160\127\050\000I\000H\000T\116\016\000P\000H\000D\116\013\226\115\176\364\145\110\147\234\166\204\133\371\153\324}{section.3}% 21
